# JRE version: OpenJDK Runtime Environment (17.0.7) (build 17.0.7+0-b2043.56-10550314)
# Java VM: OpenJDK 64-Bit Server VM (17.0.7+0-b2043.56-10550314, mixed mode, tiered, compressed oops, compressed class ptrs, g1 gc, windows-amd64)
GC Precious Log:
 CPUs: 12 total, 12 available
 Memory: 15706M
 Large Page Support: Disabled
 NUMA Support: Disabled
 Compressed Oops: Enabled (32-bit)
 Heap Region Size: 1M
 Heap Min Capacity: 8M
 Heap Initial Capacity: 246M
 Heap Max Capacity: 2G
 Pre-touch: Disabled
 Parallel Workers: 10
 Concurrent Workers: 3
 Concurrent Refinement Workers: 10
 Periodic GC: Disabled
Heap:
 garbage-first heap   total 288768K, used 190052K [0x0000000080000000, 0x0000000100000000)
  region size 1024K, 20 young (20480K), 9 survivors (9216K)
 Metaspace       used 106870K, committed 107776K, reserved 1179648K
  class space    used 14401K, committed 14784K, reserved 1048576K
GC Heap History (20 events):
Event: 17.695 GC heap before
{Heap before GC invocations=54 (full 0):
 garbage-first heap   total 240640K, used 178453K [0x0000000080000000, 0x0000000100000000)
  region size 1024K, 45 young (46080K), 2 survivors (2048K)
 Metaspace       used 92879K, committed 93632K, reserved 1179648K
  class space    used 12659K, committed 13056K, reserved 1048576K
}
Event: 17.707 GC heap after
{Heap after GC invocations=55 (full 0):
 garbage-first heap   total 288768K, used 148840K [0x0000000080000000, 0x0000000100000000)
  region size 1024K, 6 young (6144K), 6 survivors (6144K)
 Metaspace       used 92879K, committed 93632K, reserved 1179648K
  class space    used 12659K, committed 13056K, reserved 1048576K
}
Event: 17.918 GC heap before
{Heap before GC invocations=55 (full 0):
 garbage-first heap   total 288768K, used 156008K [0x0000000080000000, 0x0000000100000000)
  region size 1024K, 14 young (14336K), 6 survivors (6144K)
 Metaspace       used 92882K, committed 93632K, reserved 1179648K
  class space    used 12659K, committed 13056K, reserved 1048576K
}
Event: 17.926 GC heap after
{Heap after GC invocations=56 (full 0):
 garbage-first heap   total 288768K, used 149496K [0x0000000080000000, 0x0000000100000000)
  region size 1024K, 2 young (2048K), 2 survivors (2048K)
 Metaspace       used 92882K, committed 93632K, reserved 1179648K
  class space    used 12659K, committed 13056K, reserved 1048576K
}
Event: 19.480 GC heap before
{Heap before GC invocations=56 (full 0):
 garbage-first heap   total 288768K, used 212984K [0x0000000080000000, 0x0000000100000000)
  region size 1024K, 65 young (66560K), 2 survivors (2048K)
 Metaspace       used 92901K, committed 93760K, reserved 1179648K
  class space    used 12660K, committed 13056K, reserved 1048576K
}
Event: 19.484 GC heap after
{Heap after GC invocations=57 (full 0):
 garbage-first heap   total 288768K, used 152009K [0x0000000080000000, 0x0000000100000000)
  region size 1024K, 5 young (5120K), 5 survivors (5120K)
 Metaspace       used 92901K, committed 93760K, reserved 1179648K
  class space    used 12660K, committed 13056K, reserved 1048576K
}
Event: 21.389 GC heap before
{Heap before GC invocations=58 (full 0):
 garbage-first heap   total 288768K, used 231881K [0x0000000080000000, 0x0000000100000000)
  region size 1024K, 83 young (84992K), 5 survivors (5120K)
 Metaspace       used 92902K, committed 93760K, reserved 1179648K
  class space    used 12660K, committed 13056K, reserved 1048576K
}
Event: 21.395 GC heap after
{Heap after GC invocations=59 (full 0):
 garbage-first heap   total 288768K, used 155724K [0x0000000080000000, 0x0000000100000000)
  region size 1024K, 9 young (9216K), 9 survivors (9216K)
 Metaspace       used 92902K, committed 93760K, reserved 1179648K
  class space    used 12660K, committed 13056K, reserved 1048576K
}
Event: 21.534 GC heap before
{Heap before GC invocations=59 (full 0):
 garbage-first heap   total 288768K, used 160844K [0x0000000080000000, 0x0000000100000000)
  region size 1024K, 14 young (14336K), 9 survivors (9216K)
 Metaspace       used 92902K, committed 93760K, reserved 1179648K
  class space    used 12660K, committed 13056K, reserved 1048576K
}
Event: 21.539 GC heap after
{Heap after GC invocations=60 (full 0):
 garbage-first heap   total 288768K, used 155929K [0x0000000080000000, 0x0000000100000000)
  region size 1024K, 2 young (2048K), 2 survivors (2048K)
 Metaspace       used 92902K, committed 93760K, reserved 1179648K
  class space    used 12660K, committed 13056K, reserved 1048576K
}
Event: 22.904 GC heap before
{Heap before GC invocations=60 (full 0):
 garbage-first heap   total 288768K, used 233753K [0x0000000080000000, 0x0000000100000000)
  region size 1024K, 78 young (79872K), 2 survivors (2048K)
 Metaspace       used 92904K, committed 93760K, reserved 1179648K
  class space    used 12660K, committed 13056K, reserved 1048576K
}
Event: 22.908 GC heap after
{Heap after GC invocations=61 (full 0):
 garbage-first heap   total 288768K, used 159186K [0x0000000080000000, 0x0000000100000000)
  region size 1024K, 5 young (5120K), 5 survivors (5120K)
 Metaspace       used 92904K, committed 93760K, reserved 1179648K
  class space    used 12660K, committed 13056K, reserved 1048576K
}
Event: 23.895 GC heap before
{Heap before GC invocations=61 (full 0):
 garbage-first heap   total 288768K, used 223698K [0x0000000080000000, 0x0000000100000000)
  region size 1024K, 57 young (58368K), 5 survivors (5120K)
 Metaspace       used 92939K, committed 93760K, reserved 1179648K
  class space    used 12671K, committed 13056K, reserved 1048576K
}
Event: 23.900 GC heap after
{Heap after GC invocations=62 (full 0):
 garbage-first heap   total 288768K, used 174046K [0x0000000080000000, 0x0000000100000000)
  region size 1024K, 7 young (7168K), 7 survivors (7168K)
 Metaspace       used 92939K, committed 93760K, reserved 1179648K
  class space    used 12671K, committed 13056K, reserved 1048576K
}
Event: 24.841 GC heap before
{Heap before GC invocations=62 (full 0):
 garbage-first heap   total 288768K, used 248798K [0x0000000080000000, 0x0000000100000000)
  region size 1024K, 73 young (74752K), 7 survivors (7168K)
 Metaspace       used 98518K, committed 99328K, reserved 1179648K
  class space    used 13387K, committed 13760K, reserved 1048576K
}
Event: 24.855 GC heap after
{Heap after GC invocations=63 (full 0):
 garbage-first heap   total 288768K, used 170206K [0x0000000080000000, 0x0000000100000000)
  region size 1024K, 10 young (10240K), 10 survivors (10240K)
 Metaspace       used 98518K, committed 99328K, reserved 1179648K
  class space    used 13387K, committed 13760K, reserved 1048576K
}
Event: 26.121 GC heap before
{Heap before GC invocations=63 (full 0):
 garbage-first heap   total 288768K, used 235742K [0x0000000080000000, 0x0000000100000000)
  region size 1024K, 75 young (76800K), 10 survivors (10240K)
 Metaspace       used 104258K, committed 105152K, reserved 1179648K
  class space    used 14087K, committed 14528K, reserved 1048576K
}
Event: 26.134 GC heap after
{Heap after GC invocations=64 (full 0):
 garbage-first heap   total 288768K, used 175716K [0x0000000080000000, 0x0000000100000000)
  region size 1024K, 5 young (5120K), 5 survivors (5120K)
 Metaspace       used 104258K, committed 105152K, reserved 1179648K
  class space    used 14087K, committed 14528K, reserved 1048576K
}
Event: 27.049 GC heap before
{Heap before GC invocations=64 (full 0):
 garbage-first heap   total 288768K, used 240228K [0x0000000080000000, 0x0000000100000000)
  region size 1024K, 68 young (69632K), 5 survivors (5120K)
 Metaspace       used 106583K, committed 107456K, reserved 1179648K
  class space    used 14364K, committed 14784K, reserved 1048576K
}
Event: 27.057 GC heap after
{Heap after GC invocations=65 (full 0):
 garbage-first heap   total 288768K, used 179812K [0x0000000080000000, 0x0000000100000000)
  region size 1024K, 9 young (9216K), 9 survivors (9216K)
 Metaspace       used 106583K, committed 107456K, reserved 1179648K
  class space    used 14364K, committed 14784K, reserved 1048576K
}

