# JRE version: OpenJDK Runtime Environment (17.0.7) (build 17.0.7+0-b2043.56-10550314)
# Java VM: OpenJDK 64-Bit Server VM (17.0.7+0-b2043.56-10550314, mixed mode, tiered, compressed oops, compressed class ptrs, g1 gc, windows-amd64)
GC Precious Log:
 CPUs: 12 total, 12 available
 Memory: 15706M
 Large Page Support: Disabled
 NUMA Support: Disabled
 Compressed Oops: Enabled (32-bit)
 Heap Region Size: 1M
 Heap Min Capacity: 8M
 Heap Initial Capacity: 246M
 Heap Max Capacity: 2G
 Pre-touch: Disabled
 Parallel Workers: 10
 Concurrent Workers: 3
 Concurrent Refinement Workers: 10
 Periodic GC: Disabled
Heap:
 garbage-first heap   total 263168K, used 173794K [0x0000000080000000, 0x0000000100000000)
  region size 1024K, 24 young (24576K), 2 survivors (2048K)
 Metaspace       used 113812K, committed 114880K, reserved 1179648K
  class space    used 15081K, committed 15616K, reserved 1048576K
GC Heap History (20 events):
Event: 884.549 GC heap before
{Heap before GC invocations=49 (full 0):
 garbage-first heap   total 184320K, used 153272K [0x0000000080000000, 0x0000000100000000)
  region size 1024K, 60 young (61440K), 8 survivors (8192K)
 Metaspace       used 103399K, committed 104320K, reserved 1179648K
  class space    used 13694K, committed 14144K, reserved 1048576K
}
Event: 884.576 GC heap after
{Heap after GC invocations=50 (full 0):
 garbage-first heap   total 184320K, used 98404K [0x0000000080000000, 0x0000000100000000)
  region size 1024K, 5 young (5120K), 5 survivors (5120K)
 Metaspace       used 103399K, committed 104320K, reserved 1179648K
  class space    used 13694K, committed 14144K, reserved 1048576K
}
Event: 885.762 GC heap before
{Heap before GC invocations=50 (full 0):
 garbage-first heap   total 184320K, used 153700K [0x0000000080000000, 0x0000000100000000)
  region size 1024K, 58 young (59392K), 5 survivors (5120K)
 Metaspace       used 106139K, committed 107072K, reserved 1179648K
  class space    used 14069K, committed 14528K, reserved 1048576K
}
Event: 885.775 GC heap after
{Heap after GC invocations=51 (full 0):
 garbage-first heap   total 184320K, used 115896K [0x0000000080000000, 0x0000000100000000)
  region size 1024K, 8 young (8192K), 8 survivors (8192K)
 Metaspace       used 106139K, committed 107072K, reserved 1179648K
  class space    used 14069K, committed 14528K, reserved 1048576K
}
Event: 886.292 GC heap before
{Heap before GC invocations=51 (full 0):
 garbage-first heap   total 184320K, used 143544K [0x0000000080000000, 0x0000000100000000)
  region size 1024K, 35 young (35840K), 8 survivors (8192K)
 Metaspace       used 106675K, committed 107584K, reserved 1179648K
  class space    used 14120K, committed 14592K, reserved 1048576K
}
Event: 886.306 GC heap after
{Heap after GC invocations=52 (full 0):
 garbage-first heap   total 184320K, used 126139K [0x0000000080000000, 0x0000000100000000)
  region size 1024K, 5 young (5120K), 5 survivors (5120K)
 Metaspace       used 106675K, committed 107584K, reserved 1179648K
  class space    used 14120K, committed 14592K, reserved 1048576K
}
Event: 886.632 GC heap before
{Heap before GC invocations=53 (full 0):
 garbage-first heap   total 242688K, used 156859K [0x0000000080000000, 0x0000000100000000)
  region size 1024K, 20 young (20480K), 5 survivors (5120K)
 Metaspace       used 107761K, committed 108608K, reserved 1179648K
  class space    used 14241K, committed 14656K, reserved 1048576K
}
Event: 886.640 GC heap after
{Heap after GC invocations=54 (full 0):
 garbage-first heap   total 242688K, used 127041K [0x0000000080000000, 0x0000000100000000)
  region size 1024K, 2 young (2048K), 2 survivors (2048K)
 Metaspace       used 107761K, committed 108608K, reserved 1179648K
  class space    used 14241K, committed 14656K, reserved 1048576K
}
Event: 886.745 GC heap before
{Heap before GC invocations=54 (full 0):
 garbage-first heap   total 242688K, used 135233K [0x0000000080000000, 0x0000000100000000)
  region size 1024K, 11 young (11264K), 2 survivors (2048K)
 Metaspace       used 108369K, committed 109248K, reserved 1179648K
  class space    used 14305K, committed 14720K, reserved 1048576K
}
Event: 886.752 GC heap after
{Heap after GC invocations=55 (full 0):
 garbage-first heap   total 242688K, used 126260K [0x0000000080000000, 0x0000000100000000)
  region size 1024K, 2 young (2048K), 2 survivors (2048K)
 Metaspace       used 108369K, committed 109248K, reserved 1179648K
  class space    used 14305K, committed 14720K, reserved 1048576K
}
Event: 902.957 GC heap before
{Heap before GC invocations=55 (full 0):
 garbage-first heap   total 242688K, used 187700K [0x0000000080000000, 0x0000000100000000)
  region size 1024K, 63 young (64512K), 2 survivors (2048K)
 Metaspace       used 110499K, committed 111488K, reserved 1179648K
  class space    used 14575K, committed 15104K, reserved 1048576K
}
Event: 902.962 GC heap after
{Heap after GC invocations=56 (full 0):
 garbage-first heap   total 242688K, used 129550K [0x0000000080000000, 0x0000000100000000)
  region size 1024K, 5 young (5120K), 5 survivors (5120K)
 Metaspace       used 110499K, committed 111488K, reserved 1179648K
  class space    used 14575K, committed 15104K, reserved 1048576K
}
Event: 1140.611 GC heap before
{Heap before GC invocations=56 (full 0):
 garbage-first heap   total 242688K, used 146958K [0x0000000080000000, 0x0000000100000000)
  region size 1024K, 17 young (17408K), 5 survivors (5120K)
 Metaspace       used 110768K, committed 111744K, reserved 1179648K
  class space    used 14631K, committed 15168K, reserved 1048576K
}
Event: 1140.616 GC heap after
{Heap after GC invocations=57 (full 0):
 garbage-first heap   total 242688K, used 139336K [0x0000000080000000, 0x0000000100000000)
  region size 1024K, 8 young (8192K), 8 survivors (8192K)
 Metaspace       used 110768K, committed 111744K, reserved 1179648K
  class space    used 14631K, committed 15168K, reserved 1048576K
}
Event: 1140.638 GC heap before
{Heap before GC invocations=57 (full 0):
 garbage-first heap   total 242688K, used 151624K [0x0000000080000000, 0x0000000100000000)
  region size 1024K, 9 young (9216K), 8 survivors (8192K)
 Metaspace       used 110768K, committed 111744K, reserved 1179648K
  class space    used 14631K, committed 15168K, reserved 1048576K
}
Event: 1140.642 GC heap after
{Heap after GC invocations=58 (full 0):
 garbage-first heap   total 242688K, used 151859K [0x0000000080000000, 0x0000000100000000)
  region size 1024K, 3 young (3072K), 3 survivors (3072K)
 Metaspace       used 110768K, committed 111744K, reserved 1179648K
  class space    used 14631K, committed 15168K, reserved 1048576K
}
Event: 1141.790 GC heap before
{Heap before GC invocations=59 (full 0):
 garbage-first heap   total 263168K, used 207155K [0x0000000080000000, 0x0000000100000000)
  region size 1024K, 53 young (54272K), 3 survivors (3072K)
 Metaspace       used 113057K, committed 114112K, reserved 1179648K
  class space    used 14979K, committed 15488K, reserved 1048576K
}
Event: 1141.797 GC heap after
{Heap after GC invocations=60 (full 0):
 garbage-first heap   total 263168K, used 164625K [0x0000000080000000, 0x0000000100000000)
  region size 1024K, 7 young (7168K), 7 survivors (7168K)
 Metaspace       used 113057K, committed 114112K, reserved 1179648K
  class space    used 14979K, committed 15488K, reserved 1048576K
}
Event: 1141.876 GC heap before
{Heap before GC invocations=60 (full 0):
 garbage-first heap   total 263168K, used 169745K [0x0000000080000000, 0x0000000100000000)
  region size 1024K, 12 young (12288K), 7 survivors (7168K)
 Metaspace       used 113058K, committed 114112K, reserved 1179648K
  class space    used 14979K, committed 15488K, reserved 1048576K
}
Event: 1141.884 GC heap after
{Heap after GC invocations=61 (full 0):
 garbage-first heap   total 263168K, used 152290K [0x0000000080000000, 0x0000000100000000)
  region size 1024K, 2 young (2048K), 2 survivors (2048K)
 Metaspace       used 113058K, committed 114112K, reserved 1179648K
  class space    used 14979K, committed 15488K, reserved 1048576K
}

