# JRE version: OpenJDK Runtime Environment (17.0.7) (build 17.0.7+0-b2043.56-10550314)
# Java VM: OpenJDK 64-Bit Server VM (17.0.7+0-b2043.56-10550314, mixed mode, tiered, compressed oops, compressed class ptrs, g1 gc, windows-amd64)
GC Precious Log:
 CPUs: 12 total, 12 available
 Memory: 15706M
 Large Page Support: Disabled
 NUMA Support: Disabled
 Compressed Oops: Enabled (32-bit)
 Heap Region Size: 1M
 Heap Min Capacity: 8M
 Heap Initial Capacity: 246M
 Heap Max Capacity: 2G
 Pre-touch: Disabled
 Parallel Workers: 10
 Concurrent Workers: 3
 Concurrent Refinement Workers: 10
 Periodic GC: Disabled
Heap:
 garbage-first heap   total 287744K, used 197301K [0x0000000080000000, 0x0000000100000000)
  region size 1024K, 99 young (101376K), 5 survivors (5120K)
 Metaspace       used 118427K, committed 119360K, reserved 1179648K
  class space    used 15831K, committed 16256K, reserved 1048576K
GC Heap History (20 events):
Event: 19.676 GC heap before
{Heap before GC invocations=39 (full 0):
 garbage-first heap   total 133120K, used 82436K [0x0000000080000000, 0x0000000100000000)
  region size 1024K, 6 young (6144K), 5 survivors (5120K)
 Metaspace       used 93249K, committed 94016K, reserved 1179648K
  class space    used 12777K, committed 13120K, reserved 1048576K
}
Event: 19.682 GC heap after
{Heap after GC invocations=40 (full 0):
 garbage-first heap   total 133120K, used 82174K [0x0000000080000000, 0x0000000100000000)
  region size 1024K, 1 young (1024K), 1 survivors (1024K)
 Metaspace       used 93249K, committed 94016K, reserved 1179648K
  class space    used 12777K, committed 13120K, reserved 1048576K
}
Event: 19.690 GC heap before
{Heap before GC invocations=40 (full 0):
 garbage-first heap   total 133120K, used 82174K [0x0000000080000000, 0x0000000100000000)
  region size 1024K, 3 young (3072K), 1 survivors (1024K)
 Metaspace       used 93269K, committed 94016K, reserved 1179648K
  class space    used 12779K, committed 13120K, reserved 1048576K
}
Event: 19.693 GC heap after
{Heap after GC invocations=41 (full 0):
 garbage-first heap   total 133120K, used 82055K [0x0000000080000000, 0x0000000100000000)
  region size 1024K, 1 young (1024K), 1 survivors (1024K)
 Metaspace       used 93269K, committed 94016K, reserved 1179648K
  class space    used 12779K, committed 13120K, reserved 1048576K
}
Event: 20.464 GC heap before
{Heap before GC invocations=42 (full 0):
 garbage-first heap   total 150528K, used 113799K [0x0000000080000000, 0x0000000100000000)
  region size 1024K, 28 young (28672K), 1 survivors (1024K)
 Metaspace       used 95846K, committed 96576K, reserved 1179648K
  class space    used 13157K, committed 13504K, reserved 1048576K
}
Event: 20.469 GC heap after
{Heap after GC invocations=43 (full 0):
 garbage-first heap   total 150528K, used 84261K [0x0000000080000000, 0x0000000100000000)
  region size 1024K, 3 young (3072K), 3 survivors (3072K)
 Metaspace       used 95846K, committed 96576K, reserved 1179648K
  class space    used 13157K, committed 13504K, reserved 1048576K
}
Event: 20.491 GC heap before
{Heap before GC invocations=43 (full 0):
 garbage-first heap   total 150528K, used 87333K [0x0000000080000000, 0x0000000100000000)
  region size 1024K, 7 young (7168K), 3 survivors (3072K)
 Metaspace       used 95970K, committed 96640K, reserved 1179648K
  class space    used 13203K, committed 13504K, reserved 1048576K
}
Event: 20.495 GC heap after
{Heap after GC invocations=44 (full 0):
 garbage-first heap   total 150528K, used 84184K [0x0000000080000000, 0x0000000100000000)
  region size 1024K, 1 young (1024K), 1 survivors (1024K)
 Metaspace       used 95970K, committed 96640K, reserved 1179648K
  class space    used 13203K, committed 13504K, reserved 1048576K
}
Event: 20.822 GC heap before
{Heap before GC invocations=44 (full 0):
 garbage-first heap   total 150528K, used 122072K [0x0000000080000000, 0x0000000100000000)
  region size 1024K, 39 young (39936K), 1 survivors (1024K)
 Metaspace       used 96230K, committed 96960K, reserved 1179648K
  class space    used 13221K, committed 13568K, reserved 1048576K
}
Event: 20.826 GC heap after
{Heap after GC invocations=45 (full 0):
 garbage-first heap   total 150528K, used 87488K [0x0000000080000000, 0x0000000100000000)
  region size 1024K, 4 young (4096K), 4 survivors (4096K)
 Metaspace       used 96230K, committed 96960K, reserved 1179648K
  class space    used 13221K, committed 13568K, reserved 1048576K
}
Event: 21.321 GC heap before
{Heap before GC invocations=46 (full 0):
 garbage-first heap   total 158720K, used 123328K [0x0000000080000000, 0x0000000100000000)
  region size 1024K, 40 young (40960K), 4 survivors (4096K)
 Metaspace       used 96642K, committed 97344K, reserved 1179648K
  class space    used 13260K, committed 13568K, reserved 1048576K
}
Event: 21.327 GC heap after
{Heap after GC invocations=47 (full 0):
 garbage-first heap   total 158720K, used 89817K [0x0000000080000000, 0x0000000100000000)
  region size 1024K, 4 young (4096K), 4 survivors (4096K)
 Metaspace       used 96642K, committed 97344K, reserved 1179648K
  class space    used 13260K, committed 13568K, reserved 1048576K
}
Event: 21.345 GC heap before
{Heap before GC invocations=47 (full 0):
 garbage-first heap   total 158720K, used 92889K [0x0000000080000000, 0x0000000100000000)
  region size 1024K, 7 young (7168K), 4 survivors (4096K)
 Metaspace       used 96653K, committed 97344K, reserved 1179648K
  class space    used 13260K, committed 13568K, reserved 1048576K
}
Event: 21.350 GC heap after
{Heap after GC invocations=48 (full 0):
 garbage-first heap   total 287744K, used 90031K [0x0000000080000000, 0x0000000100000000)
  region size 1024K, 1 young (1024K), 1 survivors (1024K)
 Metaspace       used 96653K, committed 97344K, reserved 1179648K
  class space    used 13260K, committed 13568K, reserved 1048576K
}
Event: 24.035 GC heap before
{Heap before GC invocations=48 (full 0):
 garbage-first heap   total 287744K, used 220079K [0x0000000080000000, 0x0000000100000000)
  region size 1024K, 127 young (130048K), 1 survivors (1024K)
 Metaspace       used 106899K, committed 107712K, reserved 1179648K
  class space    used 14593K, committed 14976K, reserved 1048576K
}
Event: 24.044 GC heap after
{Heap after GC invocations=49 (full 0):
 garbage-first heap   total 287744K, used 99206K [0x0000000080000000, 0x0000000100000000)
  region size 1024K, 8 young (8192K), 8 survivors (8192K)
 Metaspace       used 106899K, committed 107712K, reserved 1179648K
  class space    used 14593K, committed 14976K, reserved 1048576K
}
Event: 692.267 GC heap before
{Heap before GC invocations=49 (full 0):
 garbage-first heap   total 287744K, used 221062K [0x0000000080000000, 0x0000000100000000)
  region size 1024K, 128 young (131072K), 8 survivors (8192K)
 Metaspace       used 114306K, committed 115072K, reserved 1179648K
  class space    used 15397K, committed 15744K, reserved 1048576K
}
Event: 692.277 GC heap after
{Heap after GC invocations=50 (full 0):
 garbage-first heap   total 287744K, used 99420K [0x0000000080000000, 0x0000000100000000)
  region size 1024K, 10 young (10240K), 10 survivors (10240K)
 Metaspace       used 114306K, committed 115072K, reserved 1179648K
  class space    used 15397K, committed 15744K, reserved 1048576K
}
Event: 3320.799 GC heap before
{Heap before GC invocations=50 (full 0):
 garbage-first heap   total 287744K, used 229468K [0x0000000080000000, 0x0000000100000000)
  region size 1024K, 137 young (140288K), 10 survivors (10240K)
 Metaspace       used 115329K, committed 116224K, reserved 1179648K
  class space    used 15452K, committed 15872K, reserved 1048576K
}
Event: 3320.810 GC heap after
{Heap after GC invocations=51 (full 0):
 garbage-first heap   total 287744K, used 101045K [0x0000000080000000, 0x0000000100000000)
  region size 1024K, 5 young (5120K), 5 survivors (5120K)
 Metaspace       used 115329K, committed 116224K, reserved 1179648K
  class space    used 15452K, committed 15872K, reserved 1048576K
}

