# JRE version: OpenJDK Runtime Environment (17.0.7) (build 17.0.7+0-b2043.56-10550314)
# Java VM: OpenJDK 64-Bit Server VM (17.0.7+0-b2043.56-10550314, mixed mode, tiered, compressed oops, compressed class ptrs, g1 gc, windows-amd64)
GC Precious Log:
 CPUs: 12 total, 12 available
 Memory: 15706M
 Large Page Support: Disabled
 NUMA Support: Disabled
 Compressed Oops: Enabled (32-bit)
 Heap Region Size: 1M
 Heap Min Capacity: 8M
 Heap Initial Capacity: 246M
 Heap Max Capacity: 2G
 Pre-touch: Disabled
 Parallel Workers: 10
 Concurrent Workers: 3
 Concurrent Refinement Workers: 10
 Periodic GC: Disabled
Heap:
 garbage-first heap   total 251904K, used 122177K [0x0000000080000000, 0x0000000100000000)
  region size 1024K, 6 young (6144K), 6 survivors (6144K)
 Metaspace       used 88396K, committed 89152K, reserved 1179648K
  class space    used 12002K, committed 12352K, reserved 1048576K
GC Heap History (20 events):
Event: 12.380 GC heap after
{Heap after GC invocations=37 (full 0):
 garbage-first heap   total 148480K, used 85338K [0x0000000080000000, 0x0000000100000000)
  region size 1024K, 1 young (1024K), 1 survivors (1024K)
 Metaspace       used 67490K, committed 68160K, reserved 1114112K
  class space    used 9097K, committed 9408K, reserved 1048576K
}
Event: 12.528 GC heap before
{Heap before GC invocations=37 (full 0):
 garbage-first heap   total 148480K, used 92506K [0x0000000080000000, 0x0000000100000000)
  region size 1024K, 9 young (9216K), 1 survivors (1024K)
 Metaspace       used 69072K, committed 69760K, reserved 1114112K
  class space    used 9279K, committed 9536K, reserved 1048576K
}
Event: 12.531 GC heap after
{Heap after GC invocations=38 (full 0):
 garbage-first heap   total 148480K, used 86604K [0x0000000080000000, 0x0000000100000000)
  region size 1024K, 2 young (2048K), 2 survivors (2048K)
 Metaspace       used 69072K, committed 69760K, reserved 1114112K
  class space    used 9279K, committed 9536K, reserved 1048576K
}
Event: 12.869 GC heap before
{Heap before GC invocations=39 (full 0):
 garbage-first heap   total 168960K, used 123468K [0x0000000080000000, 0x0000000100000000)
  region size 1024K, 32 young (32768K), 2 survivors (2048K)
 Metaspace       used 70555K, committed 71232K, reserved 1114112K
  class space    used 9484K, committed 9792K, reserved 1048576K
}
Event: 12.873 GC heap after
{Heap after GC invocations=40 (full 0):
 garbage-first heap   total 168960K, used 89733K [0x0000000080000000, 0x0000000100000000)
  region size 1024K, 4 young (4096K), 4 survivors (4096K)
 Metaspace       used 70555K, committed 71232K, reserved 1114112K
  class space    used 9484K, committed 9792K, reserved 1048576K
}
Event: 12.930 GC heap before
{Heap before GC invocations=40 (full 0):
 garbage-first heap   total 168960K, used 93829K [0x0000000080000000, 0x0000000100000000)
  region size 1024K, 8 young (8192K), 4 survivors (4096K)
 Metaspace       used 70829K, committed 71488K, reserved 1114112K
  class space    used 9523K, committed 9792K, reserved 1048576K
}
Event: 12.933 GC heap after
{Heap after GC invocations=41 (full 0):
 garbage-first heap   total 168960K, used 90305K [0x0000000080000000, 0x0000000100000000)
  region size 1024K, 1 young (1024K), 1 survivors (1024K)
 Metaspace       used 70829K, committed 71488K, reserved 1114112K
  class space    used 9523K, committed 9792K, reserved 1048576K
}
Event: 13.564 GC heap before
{Heap before GC invocations=41 (full 0):
 garbage-first heap   total 168960K, used 129217K [0x0000000080000000, 0x0000000100000000)
  region size 1024K, 39 young (39936K), 1 survivors (1024K)
 Metaspace       used 74089K, committed 74752K, reserved 1114112K
  class space    used 9984K, committed 10304K, reserved 1048576K
}
Event: 13.567 GC heap after
{Heap after GC invocations=42 (full 0):
 garbage-first heap   total 168960K, used 91757K [0x0000000080000000, 0x0000000100000000)
  region size 1024K, 3 young (3072K), 3 survivors (3072K)
 Metaspace       used 74089K, committed 74752K, reserved 1114112K
  class space    used 9984K, committed 10304K, reserved 1048576K
}
Event: 14.224 GC heap before
{Heap before GC invocations=43 (full 0):
 garbage-first heap   total 168960K, used 130669K [0x0000000080000000, 0x0000000100000000)
  region size 1024K, 42 young (43008K), 3 survivors (3072K)
 Metaspace       used 77732K, committed 78400K, reserved 1179648K
  class space    used 10453K, committed 10752K, reserved 1048576K
}
Event: 14.228 GC heap after
{Heap after GC invocations=44 (full 0):
 garbage-first heap   total 168960K, used 94349K [0x0000000080000000, 0x0000000100000000)
  region size 1024K, 5 young (5120K), 5 survivors (5120K)
 Metaspace       used 77732K, committed 78400K, reserved 1179648K
  class space    used 10453K, committed 10752K, reserved 1048576K
}
Event: 14.287 GC heap before
{Heap before GC invocations=44 (full 0):
 garbage-first heap   total 168960K, used 97421K [0x0000000080000000, 0x0000000100000000)
  region size 1024K, 8 young (8192K), 5 survivors (5120K)
 Metaspace       used 78014K, committed 78656K, reserved 1179648K
  class space    used 10483K, committed 10752K, reserved 1048576K
}
Event: 14.292 GC heap after
{Heap after GC invocations=45 (full 0):
 garbage-first heap   total 168960K, used 94515K [0x0000000080000000, 0x0000000100000000)
  region size 1024K, 1 young (1024K), 1 survivors (1024K)
 Metaspace       used 78014K, committed 78656K, reserved 1179648K
  class space    used 10483K, committed 10752K, reserved 1048576K
}
Event: 14.835 GC heap before
{Heap before GC invocations=45 (full 0):
 garbage-first heap   total 168960K, used 134451K [0x0000000080000000, 0x0000000100000000)
  region size 1024K, 40 young (40960K), 1 survivors (1024K)
 Metaspace       used 81026K, committed 81728K, reserved 1179648K
  class space    used 10924K, committed 11200K, reserved 1048576K
}
Event: 14.838 GC heap after
{Heap after GC invocations=46 (full 0):
 garbage-first heap   total 168960K, used 95133K [0x0000000080000000, 0x0000000100000000)
  region size 1024K, 2 young (2048K), 2 survivors (2048K)
 Metaspace       used 81026K, committed 81728K, reserved 1179648K
  class space    used 10924K, committed 11200K, reserved 1048576K
}
Event: 15.543 GC heap before
{Heap before GC invocations=47 (full 0):
 garbage-first heap   total 168960K, used 136093K [0x0000000080000000, 0x0000000100000000)
  region size 1024K, 42 young (43008K), 2 survivors (2048K)
 Metaspace       used 84318K, committed 84992K, reserved 1179648K
  class space    used 11556K, committed 11840K, reserved 1048576K
}
Event: 15.546 GC heap after
{Heap after GC invocations=48 (full 0):
 garbage-first heap   total 168960K, used 96651K [0x0000000080000000, 0x0000000100000000)
  region size 1024K, 3 young (3072K), 3 survivors (3072K)
 Metaspace       used 84318K, committed 84992K, reserved 1179648K
  class space    used 11556K, committed 11840K, reserved 1048576K
}
Event: 15.642 GC heap before
{Heap before GC invocations=48 (full 0):
 garbage-first heap   total 168960K, used 101771K [0x0000000080000000, 0x0000000100000000)
  region size 1024K, 8 young (8192K), 3 survivors (3072K)
 Metaspace       used 84709K, committed 85376K, reserved 1179648K
  class space    used 11606K, committed 11904K, reserved 1048576K
}
Event: 15.646 GC heap after
{Heap after GC invocations=49 (full 0):
 garbage-first heap   total 168960K, used 96678K [0x0000000080000000, 0x0000000100000000)
  region size 1024K, 1 young (1024K), 1 survivors (1024K)
 Metaspace       used 84709K, committed 85376K, reserved 1179648K
  class space    used 11606K, committed 11904K, reserved 1048576K
}
Event: 16.284 GC heap before
{Heap before GC invocations=49 (full 0):
 garbage-first heap   total 168960K, used 159142K [0x0000000080000000, 0x0000000100000000)
  region size 1024K, 40 young (40960K), 1 survivors (1024K)
 Metaspace       used 88396K, committed 89152K, reserved 1179648K
  class space    used 12002K, committed 12352K, reserved 1048576K
}

