# JRE version: OpenJDK Runtime Environment (17.0.7) (build 17.0.7+0-b2043.56-10550314)
# Java VM: OpenJDK 64-Bit Server VM (17.0.7+0-b2043.56-10550314, mixed mode, tiered, compressed oops, compressed class ptrs, g1 gc, windows-amd64)
GC Precious Log:
 CPUs: 12 total, 12 available
 Memory: 15706M
 Large Page Support: Disabled
 NUMA Support: Disabled
 Compressed Oops: Enabled (32-bit)
 Heap Region Size: 1M
 Heap Min Capacity: 8M
 Heap Initial Capacity: 246M
 Heap Max Capacity: 2G
 Pre-touch: Disabled
 Parallel Workers: 10
 Concurrent Workers: 3
 Concurrent Refinement Workers: 10
 Periodic GC: Disabled
Heap:
 garbage-first heap   total 146432K, used 98187K [0x0000000080000000, 0x0000000100000000)
  region size 1024K, 23 young (23552K), 1 survivors (1024K)
 Metaspace       used 106164K, committed 106688K, reserved 1179648K
  class space    used 13593K, committed 13824K, reserved 1048576K
GC Heap History (20 events):
Event: 18.829 GC heap before
{Heap before GC invocations=35 (full 0):
 garbage-first heap   total 111616K, used 82805K [0x0000000080000000, 0x0000000100000000)
  region size 1024K, 25 young (25600K), 4 survivors (4096K)
 Metaspace       used 75851K, committed 76288K, reserved 1179648K
  class space    used 10052K, committed 10240K, reserved 1048576K
}
Event: 18.833 GC heap after
{Heap after GC invocations=36 (full 0):
 garbage-first heap   total 111616K, used 63222K [0x0000000080000000, 0x0000000100000000)
  region size 1024K, 3 young (3072K), 3 survivors (3072K)
 Metaspace       used 75851K, committed 76288K, reserved 1179648K
  class space    used 10052K, committed 10240K, reserved 1048576K
}
Event: 18.905 GC heap before
{Heap before GC invocations=36 (full 0):
 garbage-first heap   total 111616K, used 64246K [0x0000000080000000, 0x0000000100000000)
  region size 1024K, 5 young (5120K), 3 survivors (3072K)
 Metaspace       used 76170K, committed 76672K, reserved 1179648K
  class space    used 10085K, committed 10304K, reserved 1048576K
}
Event: 18.908 GC heap after
{Heap after GC invocations=37 (full 0):
 garbage-first heap   total 111616K, used 63442K [0x0000000080000000, 0x0000000100000000)
  region size 1024K, 1 young (1024K), 1 survivors (1024K)
 Metaspace       used 76170K, committed 76672K, reserved 1179648K
  class space    used 10085K, committed 10304K, reserved 1048576K
}
Event: 19.724 GC heap before
{Heap before GC invocations=37 (full 0):
 garbage-first heap   total 111616K, used 91090K [0x0000000080000000, 0x0000000100000000)
  region size 1024K, 28 young (28672K), 1 survivors (1024K)
 Metaspace       used 79343K, committed 79872K, reserved 1179648K
  class space    used 10474K, committed 10688K, reserved 1048576K
}
Event: 19.729 GC heap after
{Heap after GC invocations=38 (full 0):
 garbage-first heap   total 111616K, used 64722K [0x0000000080000000, 0x0000000100000000)
  region size 1024K, 2 young (2048K), 2 survivors (2048K)
 Metaspace       used 79343K, committed 79872K, reserved 1179648K
  class space    used 10474K, committed 10688K, reserved 1048576K
}
Event: 20.500 GC heap before
{Heap before GC invocations=39 (full 0):
 garbage-first heap   total 114688K, used 87250K [0x0000000080000000, 0x0000000100000000)
  region size 1024K, 25 young (25600K), 2 survivors (2048K)
 Metaspace       used 82544K, committed 83072K, reserved 1179648K
  class space    used 10898K, committed 11136K, reserved 1048576K
}
Event: 20.505 GC heap after
{Heap after GC invocations=40 (full 0):
 garbage-first heap   total 114688K, used 65814K [0x0000000080000000, 0x0000000100000000)
  region size 1024K, 3 young (3072K), 3 survivors (3072K)
 Metaspace       used 82544K, committed 83072K, reserved 1179648K
  class space    used 10898K, committed 11136K, reserved 1048576K
}
Event: 20.830 GC heap before
{Heap before GC invocations=41 (full 0):
 garbage-first heap   total 121856K, used 95510K [0x0000000080000000, 0x0000000100000000)
  region size 1024K, 31 young (31744K), 3 survivors (3072K)
 Metaspace       used 83077K, committed 83520K, reserved 1179648K
  class space    used 10956K, committed 11136K, reserved 1048576K
}
Event: 20.834 GC heap after
{Heap after GC invocations=42 (full 0):
 garbage-first heap   total 146432K, used 67119K [0x0000000080000000, 0x0000000100000000)
  region size 1024K, 3 young (3072K), 3 survivors (3072K)
 Metaspace       used 83077K, committed 83520K, reserved 1179648K
  class space    used 10956K, committed 11136K, reserved 1048576K
}
Event: 21.982 GC heap before
{Heap before GC invocations=42 (full 0):
 garbage-first heap   total 146432K, used 117295K [0x0000000080000000, 0x0000000100000000)
  region size 1024K, 52 young (53248K), 3 survivors (3072K)
 Metaspace       used 86079K, committed 86592K, reserved 1179648K
  class space    used 11294K, committed 11520K, reserved 1048576K
}
Event: 21.988 GC heap after
{Heap after GC invocations=43 (full 0):
 garbage-first heap   total 146432K, used 71137K [0x0000000080000000, 0x0000000100000000)
  region size 1024K, 7 young (7168K), 7 survivors (7168K)
 Metaspace       used 86079K, committed 86592K, reserved 1179648K
  class space    used 11294K, committed 11520K, reserved 1048576K
}
Event: 23.399 GC heap before
{Heap before GC invocations=43 (full 0):
 garbage-first heap   total 146432K, used 117217K [0x0000000080000000, 0x0000000100000000)
  region size 1024K, 52 young (53248K), 7 survivors (7168K)
 Metaspace       used 90382K, committed 90880K, reserved 1179648K
  class space    used 11747K, committed 11968K, reserved 1048576K
}
Event: 23.406 GC heap after
{Heap after GC invocations=44 (full 0):
 garbage-first heap   total 146432K, used 74598K [0x0000000080000000, 0x0000000100000000)
  region size 1024K, 4 young (4096K), 4 survivors (4096K)
 Metaspace       used 90382K, committed 90880K, reserved 1179648K
  class space    used 11747K, committed 11968K, reserved 1048576K
}
Event: 25.001 GC heap before
{Heap before GC invocations=44 (full 0):
 garbage-first heap   total 146432K, used 118630K [0x0000000080000000, 0x0000000100000000)
  region size 1024K, 47 young (48128K), 4 survivors (4096K)
 Metaspace       used 95997K, committed 96512K, reserved 1179648K
  class space    used 12408K, committed 12608K, reserved 1048576K
}
Event: 25.006 GC heap after
{Heap after GC invocations=45 (full 0):
 garbage-first heap   total 146432K, used 76128K [0x0000000080000000, 0x0000000100000000)
  region size 1024K, 2 young (2048K), 2 survivors (2048K)
 Metaspace       used 95997K, committed 96512K, reserved 1179648K
  class space    used 12408K, committed 12608K, reserved 1048576K
}
Event: 26.490 GC heap before
{Heap before GC invocations=46 (full 0):
 garbage-first heap   total 146432K, used 120160K [0x0000000080000000, 0x0000000100000000)
  region size 1024K, 45 young (46080K), 2 survivors (2048K)
 Metaspace       used 102755K, committed 103232K, reserved 1179648K
  class space    used 13112K, committed 13312K, reserved 1048576K
}
Event: 26.494 GC heap after
{Heap after GC invocations=47 (full 0):
 garbage-first heap   total 146432K, used 76830K [0x0000000080000000, 0x0000000100000000)
  region size 1024K, 3 young (3072K), 3 survivors (3072K)
 Metaspace       used 102755K, committed 103232K, reserved 1179648K
  class space    used 13112K, committed 13312K, reserved 1048576K
}
Event: 26.682 GC heap before
{Heap before GC invocations=47 (full 0):
 garbage-first heap   total 146432K, used 79902K [0x0000000080000000, 0x0000000100000000)
  region size 1024K, 7 young (7168K), 3 survivors (3072K)
 Metaspace       used 103313K, committed 103808K, reserved 1179648K
  class space    used 13176K, committed 13376K, reserved 1048576K
}
Event: 26.689 GC heap after
{Heap after GC invocations=48 (full 0):
 garbage-first heap   total 146432K, used 76683K [0x0000000080000000, 0x0000000100000000)
  region size 1024K, 1 young (1024K), 1 survivors (1024K)
 Metaspace       used 103313K, committed 103808K, reserved 1179648K
  class space    used 13176K, committed 13376K, reserved 1048576K
}

