# JRE version: OpenJDK Runtime Environment (17.0.7) (build 17.0.7+0-b2043.56-10550314)
# Java VM: OpenJDK 64-Bit Server VM (17.0.7+0-b2043.56-10550314, mixed mode, tiered, compressed oops, compressed class ptrs, g1 gc, windows-amd64)
GC Precious Log:
 CPUs: 12 total, 12 available
 Memory: 15706M
 Large Page Support: Disabled
 NUMA Support: Disabled
 Compressed Oops: Enabled (32-bit)
 Heap Region Size: 1M
 Heap Min Capacity: 8M
 Heap Initial Capacity: 246M
 Heap Max Capacity: 2G
 Pre-touch: Disabled
 Parallel Workers: 10
 Concurrent Workers: 3
 Concurrent Refinement Workers: 10
 Periodic GC: Disabled
Heap:
 garbage-first heap   total 517120K, used 241618K [0x0000000080000000, 0x0000000100000000)
  region size 1024K, 90 young (92160K), 27 survivors (27648K)
 Metaspace       used 141843K, committed 142784K, reserved 1179648K
  class space    used 19421K, committed 19840K, reserved 1048576K
GC Heap History (20 events):
Event: 23.338 GC heap before
{Heap before GC invocations=42 (full 0):
 garbage-first heap   total 181248K, used 87967K [0x0000000080000000, 0x0000000100000000)
  region size 1024K, 8 young (8192K), 4 survivors (4096K)
 Metaspace       used 95178K, committed 95872K, reserved 1179648K
  class space    used 13056K, committed 13376K, reserved 1048576K
}
Event: 23.343 GC heap after
{Heap after GC invocations=43 (full 0):
 garbage-first heap   total 181248K, used 84873K [0x0000000080000000, 0x0000000100000000)
  region size 1024K, 1 young (1024K), 1 survivors (1024K)
 Metaspace       used 95178K, committed 95872K, reserved 1179648K
  class space    used 13056K, committed 13376K, reserved 1048576K
}
Event: 24.079 GC heap before
{Heap before GC invocations=43 (full 0):
 garbage-first heap   total 181248K, used 130953K [0x0000000080000000, 0x0000000100000000)
  region size 1024K, 48 young (49152K), 1 survivors (1024K)
 Metaspace       used 96100K, committed 96768K, reserved 1179648K
  class space    used 13196K, committed 13504K, reserved 1048576K
}
Event: 24.088 GC heap after
{Heap after GC invocations=44 (full 0):
 garbage-first heap   total 181248K, used 87640K [0x0000000080000000, 0x0000000100000000)
  region size 1024K, 4 young (4096K), 4 survivors (4096K)
 Metaspace       used 96100K, committed 96768K, reserved 1179648K
  class space    used 13196K, committed 13504K, reserved 1048576K
}
Event: 25.260 GC heap before
{Heap before GC invocations=45 (full 0):
 garbage-first heap   total 181248K, used 146008K [0x0000000080000000, 0x0000000100000000)
  region size 1024K, 60 young (61440K), 4 survivors (4096K)
 Metaspace       used 98672K, committed 99392K, reserved 1179648K
  class space    used 13512K, committed 13888K, reserved 1048576K
}
Event: 25.275 GC heap after
{Heap after GC invocations=46 (full 0):
 garbage-first heap   total 181248K, used 105733K [0x0000000080000000, 0x0000000100000000)
  region size 1024K, 8 young (8192K), 8 survivors (8192K)
 Metaspace       used 98672K, committed 99392K, reserved 1179648K
  class space    used 13512K, committed 13888K, reserved 1048576K
}
Event: 25.282 GC heap before
{Heap before GC invocations=46 (full 0):
 garbage-first heap   total 181248K, used 106757K [0x0000000080000000, 0x0000000100000000)
  region size 1024K, 9 young (9216K), 8 survivors (8192K)
 Metaspace       used 98672K, committed 99392K, reserved 1179648K
  class space    used 13512K, committed 13888K, reserved 1048576K
}
Event: 25.289 GC heap after
{Heap after GC invocations=47 (full 0):
 garbage-first heap   total 181248K, used 106625K [0x0000000080000000, 0x0000000100000000)
  region size 1024K, 1 young (1024K), 1 survivors (1024K)
 Metaspace       used 98672K, committed 99392K, reserved 1179648K
  class space    used 13512K, committed 13888K, reserved 1048576K
}
Event: 25.574 GC heap before
{Heap before GC invocations=47 (full 0):
 garbage-first heap   total 181248K, used 125057K [0x0000000080000000, 0x0000000100000000)
  region size 1024K, 21 young (21504K), 1 survivors (1024K)
 Metaspace       used 98801K, committed 99520K, reserved 1179648K
  class space    used 13516K, committed 13888K, reserved 1048576K
}
Event: 25.582 GC heap after
{Heap after GC invocations=48 (full 0):
 garbage-first heap   total 181248K, used 115892K [0x0000000080000000, 0x0000000100000000)
  region size 1024K, 5 young (5120K), 5 survivors (5120K)
 Metaspace       used 98801K, committed 99520K, reserved 1179648K
  class space    used 13516K, committed 13888K, reserved 1048576K
}
Event: 25.986 GC heap before
{Heap before GC invocations=49 (full 0):
 garbage-first heap   total 227328K, used 156852K [0x0000000080000000, 0x0000000100000000)
  region size 1024K, 29 young (29696K), 5 survivors (5120K)
 Metaspace       used 100471K, committed 101248K, reserved 1179648K
  class space    used 13695K, committed 14080K, reserved 1048576K
}
Event: 25.993 GC heap after
{Heap after GC invocations=50 (full 0):
 garbage-first heap   total 227328K, used 117071K [0x0000000080000000, 0x0000000100000000)
  region size 1024K, 2 young (2048K), 2 survivors (2048K)
 Metaspace       used 100471K, committed 101248K, reserved 1179648K
  class space    used 13695K, committed 14080K, reserved 1048576K
}
Event: 26.073 GC heap before
{Heap before GC invocations=50 (full 0):
 garbage-first heap   total 227328K, used 125263K [0x0000000080000000, 0x0000000100000000)
  region size 1024K, 11 young (11264K), 2 survivors (2048K)
 Metaspace       used 100886K, committed 101568K, reserved 1179648K
  class space    used 13744K, committed 14080K, reserved 1048576K
}
Event: 26.081 GC heap after
{Heap after GC invocations=51 (full 0):
 garbage-first heap   total 517120K, used 117213K [0x0000000080000000, 0x0000000100000000)
  region size 1024K, 2 young (2048K), 2 survivors (2048K)
 Metaspace       used 100886K, committed 101568K, reserved 1179648K
  class space    used 13744K, committed 14080K, reserved 1048576K
}
Event: 33.360 GC heap before
{Heap before GC invocations=51 (full 0):
 garbage-first heap   total 517120K, used 409053K [0x0000000080000000, 0x0000000100000000)
  region size 1024K, 286 young (292864K), 2 survivors (2048K)
 Metaspace       used 112972K, committed 113728K, reserved 1179648K
  class space    used 15189K, committed 15552K, reserved 1048576K
}
Event: 33.378 GC heap after
{Heap after GC invocations=52 (full 0):
 garbage-first heap   total 517120K, used 139415K [0x0000000080000000, 0x0000000100000000)
  region size 1024K, 22 young (22528K), 22 survivors (22528K)
 Metaspace       used 112972K, committed 113728K, reserved 1179648K
  class space    used 15189K, committed 15552K, reserved 1048576K
}
Event: 38.288 GC heap before
{Heap before GC invocations=52 (full 0):
 garbage-first heap   total 517120K, used 385175K [0x0000000080000000, 0x0000000100000000)
  region size 1024K, 260 young (266240K), 22 survivors (22528K)
 Metaspace       used 132370K, committed 133184K, reserved 1179648K
  class space    used 18365K, committed 18752K, reserved 1048576K
}
Event: 38.307 GC heap after
{Heap after GC invocations=53 (full 0):
 garbage-first heap   total 517120K, used 145306K [0x0000000080000000, 0x0000000100000000)
  region size 1024K, 10 young (10240K), 10 survivors (10240K)
 Metaspace       used 132370K, committed 133184K, reserved 1179648K
  class space    used 18365K, committed 18752K, reserved 1048576K
}
Event: 2403.378 GC heap before
{Heap before GC invocations=53 (full 0):
 garbage-first heap   total 517120K, used 428954K [0x0000000080000000, 0x0000000100000000)
  region size 1024K, 258 young (264192K), 10 survivors (10240K)
 Metaspace       used 141443K, committed 142336K, reserved 1179648K
  class space    used 19416K, committed 19840K, reserved 1048576K
}
Event: 2403.397 GC heap after
{Heap after GC invocations=54 (full 0):
 garbage-first heap   total 517120K, used 161746K [0x0000000080000000, 0x0000000100000000)
  region size 1024K, 27 young (27648K), 27 survivors (27648K)
 Metaspace       used 141443K, committed 142336K, reserved 1179648K
  class space    used 19416K, committed 19840K, reserved 1048576K
}

